<?xml version="1.0" encoding="UTF-8"?>
<testng-results ignored="0" total="1" passed="1" failed="0" skipped="0">
  <reporter-output>
    <line>
      <![CDATA[Test case is passed]]>
    </line>
  </reporter-output>
  <suite started-at="2025-12-04T11:55:13 IST" name="Suite" finished-at="2025-12-04T11:55:29 IST" duration-ms="16321">
    <groups>
    </groups>
    <test started-at="2025-12-04T11:55:13 IST" name="Test" finished-at="2025-12-04T11:55:29 IST" duration-ms="16321">
      <class name="Medikit.MedikitProgram.Medikit_Login_TestCase_1">
        <test-method is-config="true" signature="launchbrowser()[pri:0, instance:Medikit.MedikitProgram.Medikit_Login_TestCase_1@5fdcaa40]" started-at="2025-12-04T11:55:13 IST" name="launchbrowser" finished-at="2025-12-04T11:55:23 IST" duration-ms="10559" status="PASS">
          <reporter-output>
          </reporter-output>
        </test-method> <!-- launchbrowser -->
        <test-method signature="registratioForm()[pri:0, instance:Medikit.MedikitProgram.Medikit_Login_TestCase_1@5fdcaa40]" started-at="2025-12-04T11:55:23 IST" name="registratioForm" finished-at="2025-12-04T11:55:28 IST" duration-ms="5213" status="PASS">
          <reporter-output>
            <line>
              <![CDATA[Test case is passed]]>
            </line>
          </reporter-output>
        </test-method> <!-- registratioForm -->
        <test-method is-config="true" signature="quitbrowser()[pri:0, instance:Medikit.MedikitProgram.Medikit_Login_TestCase_1@5fdcaa40]" started-at="2025-12-04T11:55:29 IST" name="quitbrowser" finished-at="2025-12-04T11:55:29 IST" duration-ms="249" status="PASS">
          <reporter-output>
          </reporter-output>
        </test-method> <!-- quitbrowser -->
      </class> <!-- Medikit.MedikitProgram.Medikit_Login_TestCase_1 -->
    </test> <!-- Test -->
  </suite> <!-- Suite -->
</testng-results>
