<?xml version="1.0" encoding="UTF-8"?>
<!-- Generated by org.testng.reporters.JUnitReportReporter -->
<testsuite hostname="Ullas_Tejur0502" failures="0" tests="1" name="Medikit.MedikitProgram.MediKit_Logout_Testcase2" time="100.954" errors="0" timestamp="2025-12-03T13:07:34 IST" skipped="0">
  <testcase classname="Medikit.MedikitProgram.MediKit_Logout_Testcase2" name="Logoot" time="100.954">
    <system-out>
      <![CDATA[Test case is passed]]>
    </system-out>
  </testcase> <!-- Logoot -->
  <system-out>
    <![CDATA[Test case is passed
Test case is passed]]>
  </system-out>
</testsuite> <!-- Medikit.MedikitProgram.MediKit_Logout_Testcase2 -->
