<?xml version="1.0" encoding="UTF-8"?>
<!-- Generated by org.testng.reporters.JUnitReportReporter -->
<testsuite hostname="Ullas_Tejur0502" failures="0" tests="1" name="Medikit.MedikitProgram.Medikit_Login_TestCase_1" time="16.021" errors="0" timestamp="2025-12-04T11:55:29 IST" skipped="0">
  <testcase classname="Medikit.MedikitProgram.Medikit_Login_TestCase_1" name="registratioForm" time="16.021">
    <system-out>
      <![CDATA[Test case is passed]]>
    </system-out>
  </testcase> <!-- registratioForm -->
  <system-out>
    <![CDATA[Test case is passed]]>
  </system-out>
</testsuite> <!-- Medikit.MedikitProgram.Medikit_Login_TestCase_1 -->
